2025-08-15T19:58:10.624+05:30  INFO 35452 --- [Porter] [restartedMain] com.example.Porter.PorterApplication     : Starting PorterApplication using Java 21.0.7 with PID 35452 (C:\Users\Santh\OneDrive\Desktop\Working project\Porter\target\classes started by Santh in C:\Users\Santh\OneDrive\Desktop\Working project\Porter)
2025-08-15T19:58:10.628+05:30 DEBUG 35452 --- [Porter] [restartedMain] com.example.Porter.PorterApplication     : Running with Spring Boot v3.5.3, Spring v6.2.8
2025-08-15T19:58:10.629+05:30  INFO 35452 --- [Porter] [restartedMain] com.example.Porter.PorterApplication     : No active profile set, falling back to 1 default profile: "default"
2025-08-15T19:58:10.667+05:30  INFO 35452 --- [Porter] [restartedMain] .e.DevToolsPropertyDefaultsPostProcessor : Devtools property defaults active! Set 'spring.devtools.add-properties' to 'false' to disable
2025-08-15T19:58:10.667+05:30  INFO 35452 --- [Porter] [restartedMain] .e.DevToolsPropertyDefaultsPostProcessor : For additional web related logging consider setting the 'logging.level.web' property to 'DEBUG'
2025-08-15T19:58:11.346+05:30  INFO 35452 --- [Porter] [restartedMain] .s.d.r.c.RepositoryConfigurationDelegate : Bootstrapping Spring Data JPA repositories in DEFAULT mode.
2025-08-15T19:58:11.429+05:30  INFO 35452 --- [Porter] [restartedMain] .s.d.r.c.RepositoryConfigurationDelegate : Finished Spring Data repository scanning in 76 ms. Found 10 JPA repository interfaces.
2025-08-15T19:58:12.158+05:30  INFO 35452 --- [Porter] [restartedMain] o.s.b.w.embedded.tomcat.TomcatWebServer  : Tomcat initialized with port 8080 (http)
2025-08-15T19:58:12.172+05:30  INFO 35452 --- [Porter] [restartedMain] o.apache.catalina.core.StandardService   : Starting service [Tomcat]
2025-08-15T19:58:12.173+05:30  INFO 35452 --- [Porter] [restartedMain] o.apache.catalina.core.StandardEngine    : Starting Servlet engine: [Apache Tomcat/10.1.42]
2025-08-15T19:58:12.224+05:30  INFO 35452 --- [Porter] [restartedMain] o.a.c.c.C.[Tomcat].[localhost].[/]       : Initializing Spring embedded WebApplicationContext
2025-08-15T19:58:12.224+05:30  INFO 35452 --- [Porter] [restartedMain] w.s.c.ServletWebServerApplicationContext : Root WebApplicationContext: initialization completed in 1556 ms
2025-08-15T19:58:12.280+05:30 DEBUG 35452 --- [Porter] [restartedMain] c.e.Porter.Security.JwtTokenFilter       : Filter 'jwtTokenFilter' configured for use
2025-08-15T19:58:12.280+05:30 DEBUG 35452 --- [Porter] [restartedMain] c.e.Porter.Security.JwtCookieFilter      : Filter 'jwtCookieFilter' configured for use
2025-08-15T19:58:12.280+05:30 DEBUG 35452 --- [Porter] [restartedMain] c.e.P.R.GlobalLoggingFilter              : Filter 'globalLoggingFilter' configured for use
2025-08-15T19:58:12.359+05:30  INFO 35452 --- [Porter] [restartedMain] com.zaxxer.hikari.HikariDataSource       : HikariPool-1 - Starting...
2025-08-15T19:58:12.650+05:30  INFO 35452 --- [Porter] [restartedMain] com.zaxxer.hikari.pool.HikariPool        : HikariPool-1 - Added connection com.mysql.cj.jdbc.ConnectionImpl@1bd23c83
2025-08-15T19:58:12.652+05:30  INFO 35452 --- [Porter] [restartedMain] com.zaxxer.hikari.HikariDataSource       : HikariPool-1 - Start completed.
2025-08-15T19:58:12.691+05:30  INFO 35452 --- [Porter] [restartedMain] o.hibernate.jpa.internal.util.LogHelper  : HHH000204: Processing PersistenceUnitInfo [name: default]
2025-08-15T19:58:12.766+05:30  INFO 35452 --- [Porter] [restartedMain] org.hibernate.Version                    : HHH000412: Hibernate ORM core version 6.6.18.Final
2025-08-15T19:58:12.803+05:30  INFO 35452 --- [Porter] [restartedMain] o.h.c.internal.RegionFactoryInitiator    : HHH000026: Second-level cache disabled
2025-08-15T19:58:13.093+05:30  INFO 35452 --- [Porter] [restartedMain] o.s.o.j.p.SpringPersistenceUnitInfo      : No LoadTimeWeaver setup: ignoring JPA class transformer
2025-08-15T19:58:13.222+05:30  INFO 35452 --- [Porter] [restartedMain] org.hibernate.orm.connections.pooling    : HHH10001005: Database info:
	Database JDBC URL [Connecting through datasource 'HikariDataSource (HikariPool-1)']
	Database driver: undefined/unknown
	Database version: 8.0.39
	Autocommit mode: undefined/unknown
	Isolation level: undefined/unknown
	Minimum pool size: undefined/unknown
	Maximum pool size: undefined/unknown
2025-08-15T19:58:14.215+05:30  INFO 35452 --- [Porter] [restartedMain] o.h.e.t.j.p.i.JtaPlatformInitiator       : HHH000489: No JTA platform available (set 'hibernate.transaction.jta.platform' to enable JTA platform integration)
2025-08-15T19:58:14.342+05:30  INFO 35452 --- [Porter] [restartedMain] j.LocalContainerEntityManagerFactoryBean : Initialized JPA EntityManagerFactory for persistence unit 'default'
2025-08-15T19:58:14.837+05:30  WARN 35452 --- [Porter] [restartedMain] JpaBaseConfiguration$JpaWebConfiguration : spring.jpa.open-in-view is enabled by default. Therefore, database queries may be performed during view rendering. Explicitly configure spring.jpa.open-in-view to disable this warning
2025-08-15T19:58:15.440+05:30  INFO 35452 --- [Porter] [restartedMain] .w.s.a.s.AnnotationActionEndpointMapping : Supporting [WS-Addressing August 2004, WS-Addressing 1.0]
2025-08-15T19:58:15.488+05:30  INFO 35452 --- [Porter] [restartedMain] o.s.b.d.a.OptionalLiveReloadServer       : LiveReload server is running on port 35729
2025-08-15T19:58:15.530+05:30  INFO 35452 --- [Porter] [restartedMain] o.s.b.w.embedded.tomcat.TomcatWebServer  : Tomcat started on port 8080 (http) with context path '/'
2025-08-15T19:58:15.536+05:30  INFO 35452 --- [Porter] [restartedMain] com.example.Porter.PorterApplication     : Started PorterApplication in 5.256 seconds (process running for 5.893)
2025-08-15T19:58:29.149+05:30  INFO 35452 --- [Porter] [File Watcher] rtingClassPathChangeChangedEventListener : Restarting due to 86 class path changes (0 additions, 86 deletions, 0 modifications)
2025-08-15T19:58:29.153+05:30  INFO 35452 --- [Porter] [Thread-5] o.s.b.w.e.tomcat.GracefulShutdown        : Commencing graceful shutdown. Waiting for active requests to complete
2025-08-15T19:58:29.159+05:30  INFO 35452 --- [Porter] [tomcat-shutdown] o.s.b.w.e.tomcat.GracefulShutdown        : Graceful shutdown complete
2025-08-15T19:58:29.164+05:30  INFO 35452 --- [Porter] [Thread-5] j.LocalContainerEntityManagerFactoryBean : Closing JPA EntityManagerFactory for persistence unit 'default'
2025-08-15T19:58:29.166+05:30  INFO 35452 --- [Porter] [Thread-5] com.zaxxer.hikari.HikariDataSource       : HikariPool-1 - Shutdown initiated...
2025-08-15T19:58:29.171+05:30  INFO 35452 --- [Porter] [Thread-5] com.zaxxer.hikari.HikariDataSource       : HikariPool-1 - Shutdown completed.
2025-08-15T19:58:30.972+05:30  INFO 35452 --- [Porter] [restartedMain] com.example.Porter.PorterApplication     : Starting PorterApplication using Java 21.0.7 with PID 35452 (C:\Users\Santh\OneDrive\Desktop\Working project\Porter\target\classes started by Santh in C:\Users\Santh\OneDrive\Desktop\Working project\Porter)
2025-08-15T19:58:30.973+05:30 DEBUG 35452 --- [Porter] [restartedMain] com.example.Porter.PorterApplication     : Running with Spring Boot v3.5.3, Spring v6.2.8
2025-08-15T19:58:30.973+05:30  INFO 35452 --- [Porter] [restartedMain] com.example.Porter.PorterApplication     : No active profile set, falling back to 1 default profile: "default"
2025-08-15T19:58:31.115+05:30  INFO 35452 --- [Porter] [restartedMain] .s.d.r.c.RepositoryConfigurationDelegate : Bootstrapping Spring Data JPA repositories in DEFAULT mode.
2025-08-15T19:58:31.116+05:30  INFO 35452 --- [Porter] [restartedMain] .s.d.r.c.RepositoryConfigurationDelegate : Finished Spring Data repository scanning in 0 ms. Found 0 JPA repository interfaces.
2025-08-15T19:58:31.188+05:30  INFO 35452 --- [Porter] [restartedMain] o.s.b.w.embedded.tomcat.TomcatWebServer  : Tomcat initialized with port 8080 (http)
2025-08-15T19:58:31.189+05:30  INFO 35452 --- [Porter] [restartedMain] o.apache.catalina.core.StandardService   : Starting service [Tomcat]
2025-08-15T19:58:31.189+05:30  INFO 35452 --- [Porter] [restartedMain] o.apache.catalina.core.StandardEngine    : Starting Servlet engine: [Apache Tomcat/10.1.42]
2025-08-15T19:58:31.213+05:30  INFO 35452 --- [Porter] [restartedMain] o.a.c.c.C.[Tomcat-1].[localhost].[/]     : Initializing Spring embedded WebApplicationContext
2025-08-15T19:58:31.214+05:30  INFO 35452 --- [Porter] [restartedMain] w.s.c.ServletWebServerApplicationContext : Root WebApplicationContext: initialization completed in 240 ms
2025-08-15T19:58:31.239+05:30  INFO 35452 --- [Porter] [restartedMain] com.zaxxer.hikari.HikariDataSource       : HikariPool-2 - Starting...
2025-08-15T19:58:31.250+05:30  INFO 35452 --- [Porter] [restartedMain] com.zaxxer.hikari.pool.HikariPool        : HikariPool-2 - Added connection com.mysql.cj.jdbc.ConnectionImpl@308c0362
2025-08-15T19:58:31.250+05:30  INFO 35452 --- [Porter] [restartedMain] com.zaxxer.hikari.HikariDataSource       : HikariPool-2 - Start completed.
2025-08-15T19:58:31.252+05:30  INFO 35452 --- [Porter] [restartedMain] o.hibernate.jpa.internal.util.LogHelper  : HHH000204: Processing PersistenceUnitInfo [name: default]
2025-08-15T19:58:31.254+05:30  INFO 35452 --- [Porter] [restartedMain] o.h.c.internal.RegionFactoryInitiator    : HHH000026: Second-level cache disabled
2025-08-15T19:58:31.261+05:30  INFO 35452 --- [Porter] [restartedMain] o.s.o.j.p.SpringPersistenceUnitInfo      : No LoadTimeWeaver setup: ignoring JPA class transformer
2025-08-15T19:58:31.263+05:30  INFO 35452 --- [Porter] [restartedMain] org.hibernate.orm.connections.pooling    : HHH10001005: Database info:
	Database JDBC URL [Connecting through datasource 'HikariDataSource (HikariPool-2)']
	Database driver: undefined/unknown
	Database version: 8.0.39
	Autocommit mode: undefined/unknown
	Isolation level: undefined/unknown
	Minimum pool size: undefined/unknown
	Maximum pool size: undefined/unknown
2025-08-15T19:58:31.278+05:30  INFO 35452 --- [Porter] [restartedMain] o.h.e.t.j.p.i.JtaPlatformInitiator       : HHH000489: No JTA platform available (set 'hibernate.transaction.jta.platform' to enable JTA platform integration)
2025-08-15T19:58:31.279+05:30  INFO 35452 --- [Porter] [restartedMain] j.LocalContainerEntityManagerFactoryBean : Initialized JPA EntityManagerFactory for persistence unit 'default'
2025-08-15T19:58:31.283+05:30  WARN 35452 --- [Porter] [restartedMain] ConfigServletWebServerApplicationContext : Exception encountered during context initialization - cancelling refresh attempt: org.springframework.beans.factory.BeanCreationException: Error creating bean with name 'corsConfigurer' defined in com.example.Porter.PorterApplication: Failed to instantiate [org.springframework.web.servlet.config.annotation.WebMvcConfigurer]: Factory method 'corsConfigurer' threw exception with message: com/example/Porter/PorterApplication$1
2025-08-15T19:58:31.284+05:30  INFO 35452 --- [Porter] [restartedMain] j.LocalContainerEntityManagerFactoryBean : Closing JPA EntityManagerFactory for persistence unit 'default'
2025-08-15T19:58:31.284+05:30  INFO 35452 --- [Porter] [restartedMain] com.zaxxer.hikari.HikariDataSource       : HikariPool-2 - Shutdown initiated...
2025-08-15T19:58:31.285+05:30  INFO 35452 --- [Porter] [restartedMain] com.zaxxer.hikari.HikariDataSource       : HikariPool-2 - Shutdown completed.
2025-08-15T19:58:31.285+05:30  INFO 35452 --- [Porter] [restartedMain] o.apache.catalina.core.StandardService   : Stopping service [Tomcat]
2025-08-15T19:58:31.288+05:30  INFO 35452 --- [Porter] [restartedMain] .s.b.a.l.ConditionEvaluationReportLogger : 

Error starting ApplicationContext. To display the condition evaluation report re-run your application with 'debug' enabled.
2025-08-15T19:58:31.291+05:30 ERROR 35452 --- [Porter] [restartedMain] o.s.boot.SpringApplication               : Application run failed

org.springframework.beans.factory.BeanCreationException: Error creating bean with name 'corsConfigurer' defined in com.example.Porter.PorterApplication: Failed to instantiate [org.springframework.web.servlet.config.annotation.WebMvcConfigurer]: Factory method 'corsConfigurer' threw exception with message: com/example/Porter/PorterApplication$1
	at org.springframework.beans.factory.support.ConstructorResolver.instantiate(ConstructorResolver.java:657) ~[spring-beans-6.2.8.jar:6.2.8]
	at org.springframework.beans.factory.support.ConstructorResolver.instantiateUsingFactoryMethod(ConstructorResolver.java:489) ~[spring-beans-6.2.8.jar:6.2.8]
	at org.springframework.beans.factory.support.AbstractAutowireCapableBeanFactory.instantiateUsingFactoryMethod(AbstractAutowireCapableBeanFactory.java:1375) ~[spring-beans-6.2.8.jar:6.2.8]
	at org.springframework.beans.factory.support.AbstractAutowireCapableBeanFactory.createBeanInstance(AbstractAutowireCapableBeanFactory.java:1205) ~[spring-beans-6.2.8.jar:6.2.8]
	at org.springframework.beans.factory.support.AbstractAutowireCapableBeanFactory.doCreateBean(AbstractAutowireCapableBeanFactory.java:569) ~[spring-beans-6.2.8.jar:6.2.8]
	at org.springframework.beans.factory.support.AbstractAutowireCapableBeanFactory.createBean(AbstractAutowireCapableBeanFactory.java:529) ~[spring-beans-6.2.8.jar:6.2.8]
	at org.springframework.beans.factory.support.AbstractBeanFactory.lambda$doGetBean$0(AbstractBeanFactory.java:339) ~[spring-beans-6.2.8.jar:6.2.8]
	at org.springframework.beans.factory.support.DefaultSingletonBeanRegistry.getSingleton(DefaultSingletonBeanRegistry.java:373) ~[spring-beans-6.2.8.jar:6.2.8]
	at org.springframework.beans.factory.support.AbstractBeanFactory.doGetBean(AbstractBeanFactory.java:337) ~[spring-beans-6.2.8.jar:6.2.8]
	at org.springframework.beans.factory.support.AbstractBeanFactory.getBean(AbstractBeanFactory.java:202) ~[spring-beans-6.2.8.jar:6.2.8]
	at org.springframework.beans.factory.support.DefaultListableBeanFactory.instantiateSingleton(DefaultListableBeanFactory.java:1222) ~[spring-beans-6.2.8.jar:6.2.8]
	at org.springframework.beans.factory.support.DefaultListableBeanFactory.preInstantiateSingleton(DefaultListableBeanFactory.java:1188) ~[spring-beans-6.2.8.jar:6.2.8]
	at org.springframework.beans.factory.support.DefaultListableBeanFactory.preInstantiateSingletons(DefaultListableBeanFactory.java:1123) ~[spring-beans-6.2.8.jar:6.2.8]
	at org.springframework.context.support.AbstractApplicationContext.finishBeanFactoryInitialization(AbstractApplicationContext.java:987) ~[spring-context-6.2.8.jar:6.2.8]
	at org.springframework.context.support.AbstractApplicationContext.refresh(AbstractApplicationContext.java:627) ~[spring-context-6.2.8.jar:6.2.8]
	at org.springframework.boot.web.servlet.context.ServletWebServerApplicationContext.refresh(ServletWebServerApplicationContext.java:146) ~[spring-boot-3.5.3.jar:3.5.3]
	at org.springframework.boot.SpringApplication.refresh(SpringApplication.java:752) ~[spring-boot-3.5.3.jar:3.5.3]
	at org.springframework.boot.SpringApplication.refreshContext(SpringApplication.java:439) ~[spring-boot-3.5.3.jar:3.5.3]
	at org.springframework.boot.SpringApplication.run(SpringApplication.java:318) ~[spring-boot-3.5.3.jar:3.5.3]
	at org.springframework.boot.SpringApplication.run(SpringApplication.java:1361) ~[spring-boot-3.5.3.jar:3.5.3]
	at org.springframework.boot.SpringApplication.run(SpringApplication.java:1350) ~[spring-boot-3.5.3.jar:3.5.3]
	at com.example.Porter.PorterApplication.main(PorterApplication.java:15) ~[classes/:na]
	at java.base/jdk.internal.reflect.DirectMethodHandleAccessor.invoke(DirectMethodHandleAccessor.java:103) ~[na:na]
	at java.base/java.lang.reflect.Method.invoke(Method.java:580) ~[na:na]
	at org.springframework.boot.devtools.restart.RestartLauncher.run(RestartLauncher.java:50) ~[spring-boot-devtools-3.5.3.jar:3.5.3]
Caused by: org.springframework.beans.BeanInstantiationException: Failed to instantiate [org.springframework.web.servlet.config.annotation.WebMvcConfigurer]: Factory method 'corsConfigurer' threw exception with message: com/example/Porter/PorterApplication$1
	at org.springframework.beans.factory.support.SimpleInstantiationStrategy.lambda$instantiate$0(SimpleInstantiationStrategy.java:199) ~[spring-beans-6.2.8.jar:6.2.8]
	at org.springframework.beans.factory.support.SimpleInstantiationStrategy.instantiateWithFactoryMethod(SimpleInstantiationStrategy.java:88) ~[spring-beans-6.2.8.jar:6.2.8]
	at org.springframework.beans.factory.support.SimpleInstantiationStrategy.instantiate(SimpleInstantiationStrategy.java:168) ~[spring-beans-6.2.8.jar:6.2.8]
	at org.springframework.beans.factory.support.ConstructorResolver.instantiate(ConstructorResolver.java:653) ~[spring-beans-6.2.8.jar:6.2.8]
	... 24 common frames omitted
Caused by: java.lang.NoClassDefFoundError: com/example/Porter/PorterApplication$1
	at com.example.Porter.PorterApplication.corsConfigurer(PorterApplication.java:20) ~[classes/:na]
	at com.example.Porter.PorterApplication$$SpringCGLIB$$0.CGLIB$corsConfigurer$0(<generated>) ~[classes/:na]
	at com.example.Porter.PorterApplication$$SpringCGLIB$$FastClass$$1.invoke(<generated>) ~[classes/:na]
	at org.springframework.cglib.proxy.MethodProxy.invokeSuper(MethodProxy.java:258) ~[spring-core-6.2.8.jar:6.2.8]
	at org.springframework.context.annotation.ConfigurationClassEnhancer$BeanMethodInterceptor.intercept(ConfigurationClassEnhancer.java:400) ~[spring-context-6.2.8.jar:6.2.8]
	at com.example.Porter.PorterApplication$$SpringCGLIB$$0.corsConfigurer(<generated>) ~[classes/:na]
	at java.base/jdk.internal.reflect.DirectMethodHandleAccessor.invoke(DirectMethodHandleAccessor.java:103) ~[na:na]
	at java.base/java.lang.reflect.Method.invoke(Method.java:580) ~[na:na]
	at org.springframework.beans.factory.support.SimpleInstantiationStrategy.lambda$instantiate$0(SimpleInstantiationStrategy.java:171) ~[spring-beans-6.2.8.jar:6.2.8]
	... 27 common frames omitted
Caused by: java.lang.ClassNotFoundException: com.example.Porter.PorterApplication$1
	at java.base/jdk.internal.loader.BuiltinClassLoader.loadClass(BuiltinClassLoader.java:641) ~[na:na]
	at java.base/jdk.internal.loader.ClassLoaders$AppClassLoader.loadClass(ClassLoaders.java:188) ~[na:na]
	at java.base/java.lang.ClassLoader.loadClass(ClassLoader.java:526) ~[na:na]
	... 36 common frames omitted

2025-08-15T20:01:36.125+05:30  INFO 35452 --- [Porter] [restartedMain] com.example.Porter.PorterApplication     : Starting PorterApplication using Java 21.0.7 with PID 35452 (C:\Users\Santh\OneDrive\Desktop\Working project\Porter\target\classes started by Santh in C:\Users\Santh\OneDrive\Desktop\Working project\Porter)
2025-08-15T20:01:36.125+05:30 DEBUG 35452 --- [Porter] [restartedMain] com.example.Porter.PorterApplication     : Running with Spring Boot v3.5.3, Spring v6.2.8
2025-08-15T20:01:36.126+05:30  INFO 35452 --- [Porter] [restartedMain] com.example.Porter.PorterApplication     : No active profile set, falling back to 1 default profile: "default"
2025-08-15T20:01:36.272+05:30  INFO 35452 --- [Porter] [restartedMain] .s.d.r.c.RepositoryConfigurationDelegate : Bootstrapping Spring Data JPA repositories in DEFAULT mode.
2025-08-15T20:01:36.275+05:30  INFO 35452 --- [Porter] [restartedMain] .s.d.r.c.RepositoryConfigurationDelegate : Finished Spring Data repository scanning in 1 ms. Found 0 JPA repository interfaces.
2025-08-15T20:01:36.369+05:30  INFO 35452 --- [Porter] [restartedMain] o.s.b.w.embedded.tomcat.TomcatWebServer  : Tomcat initialized with port 8080 (http)
2025-08-15T20:01:36.370+05:30  INFO 35452 --- [Porter] [restartedMain] o.apache.catalina.core.StandardService   : Starting service [Tomcat]
2025-08-15T20:01:36.371+05:30  INFO 35452 --- [Porter] [restartedMain] o.apache.catalina.core.StandardEngine    : Starting Servlet engine: [Apache Tomcat/10.1.42]
2025-08-15T20:01:36.395+05:30  INFO 35452 --- [Porter] [restartedMain] o.a.c.c.C.[Tomcat-2].[localhost].[/]     : Initializing Spring embedded WebApplicationContext
2025-08-15T20:01:36.396+05:30  INFO 35452 --- [Porter] [restartedMain] w.s.c.ServletWebServerApplicationContext : Root WebApplicationContext: initialization completed in 267 ms
2025-08-15T20:01:36.421+05:30  INFO 35452 --- [Porter] [restartedMain] com.zaxxer.hikari.HikariDataSource       : HikariPool-3 - Starting...
2025-08-15T20:01:36.444+05:30  INFO 35452 --- [Porter] [restartedMain] com.zaxxer.hikari.pool.HikariPool        : HikariPool-3 - Added connection com.mysql.cj.jdbc.ConnectionImpl@214cd99d
2025-08-15T20:01:36.445+05:30  INFO 35452 --- [Porter] [restartedMain] com.zaxxer.hikari.HikariDataSource       : HikariPool-3 - Start completed.
2025-08-15T20:01:36.447+05:30  INFO 35452 --- [Porter] [restartedMain] o.hibernate.jpa.internal.util.LogHelper  : HHH000204: Processing PersistenceUnitInfo [name: default]
2025-08-15T20:01:36.449+05:30  INFO 35452 --- [Porter] [restartedMain] o.h.c.internal.RegionFactoryInitiator    : HHH000026: Second-level cache disabled
2025-08-15T20:01:36.456+05:30  INFO 35452 --- [Porter] [restartedMain] o.s.o.j.p.SpringPersistenceUnitInfo      : No LoadTimeWeaver setup: ignoring JPA class transformer
2025-08-15T20:01:36.458+05:30  INFO 35452 --- [Porter] [restartedMain] org.hibernate.orm.connections.pooling    : HHH10001005: Database info:
	Database JDBC URL [Connecting through datasource 'HikariDataSource (HikariPool-3)']
	Database driver: undefined/unknown
	Database version: 8.0.39
	Autocommit mode: undefined/unknown
	Isolation level: undefined/unknown
	Minimum pool size: undefined/unknown
	Maximum pool size: undefined/unknown
2025-08-15T20:01:36.472+05:30  INFO 35452 --- [Porter] [restartedMain] o.h.e.t.j.p.i.JtaPlatformInitiator       : HHH000489: No JTA platform available (set 'hibernate.transaction.jta.platform' to enable JTA platform integration)
2025-08-15T20:01:36.472+05:30  INFO 35452 --- [Porter] [restartedMain] j.LocalContainerEntityManagerFactoryBean : Initialized JPA EntityManagerFactory for persistence unit 'default'
2025-08-15T20:01:36.485+05:30  WARN 35452 --- [Porter] [restartedMain] ConfigServletWebServerApplicationContext : Exception encountered during context initialization - cancelling refresh attempt: org.springframework.beans.factory.BeanCreationException: Error creating bean with name 'jpaAuditingHandler': Cannot create inner bean '(inner bean)#4cb69c26' of type [org.springframework.aop.framework.ProxyFactoryBean] while setting bean property 'auditorAware'
2025-08-15T20:01:36.485+05:30  INFO 35452 --- [Porter] [restartedMain] j.LocalContainerEntityManagerFactoryBean : Closing JPA EntityManagerFactory for persistence unit 'default'
2025-08-15T20:01:36.486+05:30  INFO 35452 --- [Porter] [restartedMain] com.zaxxer.hikari.HikariDataSource       : HikariPool-3 - Shutdown initiated...
2025-08-15T20:01:36.487+05:30  INFO 35452 --- [Porter] [restartedMain] com.zaxxer.hikari.HikariDataSource       : HikariPool-3 - Shutdown completed.
2025-08-15T20:01:36.487+05:30  INFO 35452 --- [Porter] [restartedMain] o.apache.catalina.core.StandardService   : Stopping service [Tomcat]
2025-08-15T20:01:36.491+05:30  INFO 35452 --- [Porter] [restartedMain] .s.b.a.l.ConditionEvaluationReportLogger : 

Error starting ApplicationContext. To display the condition evaluation report re-run your application with 'debug' enabled.
2025-08-15T20:01:36.493+05:30 ERROR 35452 --- [Porter] [restartedMain] o.s.b.d.LoggingFailureAnalysisReporter   : 

***************************
APPLICATION FAILED TO START
***************************

Description:

A component required a bean named 'auditorAwareImpl' that could not be found.


Action:

Consider defining a bean named 'auditorAwareImpl' in your configuration.

2025-08-15T20:19:00.030+05:30  INFO 35452 --- [Porter] [restartedMain] com.example.Porter.PorterApplication     : Starting PorterApplication using Java 21.0.7 with PID 35452 (C:\Users\Santh\OneDrive\Desktop\Working project\Porter\target\classes started by Santh in C:\Users\Santh\OneDrive\Desktop\Working project\Porter)
2025-08-15T20:19:00.030+05:30 DEBUG 35452 --- [Porter] [restartedMain] com.example.Porter.PorterApplication     : Running with Spring Boot v3.5.3, Spring v6.2.8
2025-08-15T20:19:00.030+05:30  INFO 35452 --- [Porter] [restartedMain] com.example.Porter.PorterApplication     : No active profile set, falling back to 1 default profile: "default"
2025-08-15T20:19:00.174+05:30  INFO 35452 --- [Porter] [restartedMain] .s.d.r.c.RepositoryConfigurationDelegate : Bootstrapping Spring Data JPA repositories in DEFAULT mode.
2025-08-15T20:19:00.177+05:30  INFO 35452 --- [Porter] [restartedMain] .s.d.r.c.RepositoryConfigurationDelegate : Finished Spring Data repository scanning in 1 ms. Found 0 JPA repository interfaces.
2025-08-15T20:19:00.260+05:30  INFO 35452 --- [Porter] [restartedMain] o.s.b.w.embedded.tomcat.TomcatWebServer  : Tomcat initialized with port 8080 (http)
2025-08-15T20:19:00.261+05:30  INFO 35452 --- [Porter] [restartedMain] o.apache.catalina.core.StandardService   : Starting service [Tomcat]
2025-08-15T20:19:00.261+05:30  INFO 35452 --- [Porter] [restartedMain] o.apache.catalina.core.StandardEngine    : Starting Servlet engine: [Apache Tomcat/10.1.42]
2025-08-15T20:19:00.287+05:30  INFO 35452 --- [Porter] [restartedMain] o.a.c.c.C.[Tomcat-4].[localhost].[/]     : Initializing Spring embedded WebApplicationContext
2025-08-15T20:19:00.287+05:30  INFO 35452 --- [Porter] [restartedMain] w.s.c.ServletWebServerApplicationContext : Root WebApplicationContext: initialization completed in 256 ms
2025-08-15T20:19:00.335+05:30  INFO 35452 --- [Porter] [restartedMain] com.zaxxer.hikari.HikariDataSource       : HikariPool-4 - Starting...
2025-08-15T20:19:00.351+05:30  INFO 35452 --- [Porter] [restartedMain] com.zaxxer.hikari.pool.HikariPool        : HikariPool-4 - Added connection com.mysql.cj.jdbc.ConnectionImpl@504a3b58
2025-08-15T20:19:00.351+05:30  INFO 35452 --- [Porter] [restartedMain] com.zaxxer.hikari.HikariDataSource       : HikariPool-4 - Start completed.
2025-08-15T20:19:00.352+05:30  INFO 35452 --- [Porter] [restartedMain] o.hibernate.jpa.internal.util.LogHelper  : HHH000204: Processing PersistenceUnitInfo [name: default]
2025-08-15T20:19:00.354+05:30  INFO 35452 --- [Porter] [restartedMain] o.h.c.internal.RegionFactoryInitiator    : HHH000026: Second-level cache disabled
2025-08-15T20:19:00.363+05:30  INFO 35452 --- [Porter] [restartedMain] o.s.o.j.p.SpringPersistenceUnitInfo      : No LoadTimeWeaver setup: ignoring JPA class transformer
2025-08-15T20:19:00.365+05:30  INFO 35452 --- [Porter] [restartedMain] org.hibernate.orm.connections.pooling    : HHH10001005: Database info:
	Database JDBC URL [Connecting through datasource 'HikariDataSource (HikariPool-4)']
	Database driver: undefined/unknown
	Database version: 8.0.39
	Autocommit mode: undefined/unknown
	Isolation level: undefined/unknown
	Minimum pool size: undefined/unknown
	Maximum pool size: undefined/unknown
2025-08-15T20:19:00.380+05:30  INFO 35452 --- [Porter] [restartedMain] o.h.e.t.j.p.i.JtaPlatformInitiator       : HHH000489: No JTA platform available (set 'hibernate.transaction.jta.platform' to enable JTA platform integration)
2025-08-15T20:19:00.380+05:30  INFO 35452 --- [Porter] [restartedMain] j.LocalContainerEntityManagerFactoryBean : Initialized JPA EntityManagerFactory for persistence unit 'default'
2025-08-15T20:19:00.390+05:30  WARN 35452 --- [Porter] [restartedMain] ConfigServletWebServerApplicationContext : Exception encountered during context initialization - cancelling refresh attempt: org.springframework.beans.factory.BeanCreationException: Error creating bean with name 'jpaAuditingHandler': Cannot create inner bean '(inner bean)#ef566c0' of type [org.springframework.aop.framework.ProxyFactoryBean] while setting bean property 'auditorAware'
2025-08-15T20:19:00.391+05:30  INFO 35452 --- [Porter] [restartedMain] j.LocalContainerEntityManagerFactoryBean : Closing JPA EntityManagerFactory for persistence unit 'default'
2025-08-15T20:19:00.391+05:30  INFO 35452 --- [Porter] [restartedMain] com.zaxxer.hikari.HikariDataSource       : HikariPool-4 - Shutdown initiated...
2025-08-15T20:19:00.392+05:30  INFO 35452 --- [Porter] [restartedMain] com.zaxxer.hikari.HikariDataSource       : HikariPool-4 - Shutdown completed.
2025-08-15T20:19:00.392+05:30  INFO 35452 --- [Porter] [restartedMain] o.apache.catalina.core.StandardService   : Stopping service [Tomcat]
2025-08-15T20:19:00.396+05:30  INFO 35452 --- [Porter] [restartedMain] .s.b.a.l.ConditionEvaluationReportLogger : 

Error starting ApplicationContext. To display the condition evaluation report re-run your application with 'debug' enabled.
2025-08-15T20:19:00.398+05:30 ERROR 35452 --- [Porter] [restartedMain] o.s.b.d.LoggingFailureAnalysisReporter   : 

***************************
APPLICATION FAILED TO START
***************************

Description:

A component required a bean named 'auditorAwareImpl' that could not be found.


Action:

Consider defining a bean named 'auditorAwareImpl' in your configuration.

2025-08-15T20:19:42.125+05:30  WARN 10460 --- [Porter] [main] ory$DuplicateJsonObjectContextCustomizer : 

Found multiple occurrences of org.json.JSONObject on the class path:

	jar:file:/C:/Users/Santh/.m2/repository/com/vaadin/external/google/android-json/0.0.20131108.vaadin1/android-json-0.0.20131108.vaadin1.jar!/org/json/JSONObject.class
	jar:file:/C:/Users/Santh/.m2/repository/org/json/json/20240303/json-20240303.jar!/org/json/JSONObject.class

You may wish to exclude one of them to ensure predictable runtime behavior

2025-08-15T20:19:42.144+05:30  INFO 10460 --- [Porter] [main] c.example.Porter.PorterApplicationTests  : Starting PorterApplicationTests using Java 21.0.7 with PID 10460 (started by Santh in C:\Users\Santh\OneDrive\Desktop\Working project\Porter)
2025-08-15T20:19:42.144+05:30 DEBUG 10460 --- [Porter] [main] c.example.Porter.PorterApplicationTests  : Running with Spring Boot v3.5.3, Spring v6.2.8
2025-08-15T20:19:42.145+05:30  INFO 10460 --- [Porter] [main] c.example.Porter.PorterApplicationTests  : No active profile set, falling back to 1 default profile: "default"
2025-08-15T20:19:42.908+05:30  INFO 10460 --- [Porter] [main] .s.d.r.c.RepositoryConfigurationDelegate : Bootstrapping Spring Data JPA repositories in DEFAULT mode.
2025-08-15T20:19:43.004+05:30  INFO 10460 --- [Porter] [main] .s.d.r.c.RepositoryConfigurationDelegate : Finished Spring Data repository scanning in 85 ms. Found 10 JPA repository interfaces.
2025-08-15T20:19:43.665+05:30  INFO 10460 --- [Porter] [main] com.zaxxer.hikari.HikariDataSource       : HikariPool-1 - Starting...
2025-08-15T20:19:44.061+05:30  INFO 10460 --- [Porter] [main] com.zaxxer.hikari.pool.HikariPool        : HikariPool-1 - Added connection com.mysql.cj.jdbc.ConnectionImpl@6e321d9d
2025-08-15T20:19:44.063+05:30  INFO 10460 --- [Porter] [main] com.zaxxer.hikari.HikariDataSource       : HikariPool-1 - Start completed.
2025-08-15T20:19:44.106+05:30  INFO 10460 --- [Porter] [main] o.hibernate.jpa.internal.util.LogHelper  : HHH000204: Processing PersistenceUnitInfo [name: default]
2025-08-15T20:19:44.173+05:30  INFO 10460 --- [Porter] [main] org.hibernate.Version                    : HHH000412: Hibernate ORM core version 6.6.18.Final
2025-08-15T20:19:44.220+05:30  INFO 10460 --- [Porter] [main] o.h.c.internal.RegionFactoryInitiator    : HHH000026: Second-level cache disabled
2025-08-15T20:19:44.559+05:30  INFO 10460 --- [Porter] [main] o.s.o.j.p.SpringPersistenceUnitInfo      : No LoadTimeWeaver setup: ignoring JPA class transformer
2025-08-15T20:19:44.662+05:30  INFO 10460 --- [Porter] [main] org.hibernate.orm.connections.pooling    : HHH10001005: Database info:
	Database JDBC URL [Connecting through datasource 'HikariDataSource (HikariPool-1)']
	Database driver: undefined/unknown
	Database version: 8.0.39
	Autocommit mode: undefined/unknown
	Isolation level: undefined/unknown
	Minimum pool size: undefined/unknown
	Maximum pool size: undefined/unknown
2025-08-15T20:19:45.726+05:30  INFO 10460 --- [Porter] [main] o.h.e.t.j.p.i.JtaPlatformInitiator       : HHH000489: No JTA platform available (set 'hibernate.transaction.jta.platform' to enable JTA platform integration)
2025-08-15T20:19:45.833+05:30  INFO 10460 --- [Porter] [main] j.LocalContainerEntityManagerFactoryBean : Initialized JPA EntityManagerFactory for persistence unit 'default'
2025-08-15T20:19:46.396+05:30  WARN 10460 --- [Porter] [main] JpaBaseConfiguration$JpaWebConfiguration : spring.jpa.open-in-view is enabled by default. Therefore, database queries may be performed during view rendering. Explicitly configure spring.jpa.open-in-view to disable this warning
2025-08-15T20:19:47.152+05:30  INFO 10460 --- [Porter] [main] .w.s.a.s.AnnotationActionEndpointMapping : Supporting [WS-Addressing August 2004, WS-Addressing 1.0]
2025-08-15T20:19:47.184+05:30  INFO 10460 --- [Porter] [main] c.example.Porter.PorterApplicationTests  : Started PorterApplicationTests in 5.358 seconds (process running for 6.514)
2025-08-15T20:19:47.671+05:30  INFO 10460 --- [Porter] [SpringApplicationShutdownHook] j.LocalContainerEntityManagerFactoryBean : Closing JPA EntityManagerFactory for persistence unit 'default'
2025-08-15T20:19:47.672+05:30  INFO 10460 --- [Porter] [SpringApplicationShutdownHook] com.zaxxer.hikari.HikariDataSource       : HikariPool-1 - Shutdown initiated...
2025-08-15T20:19:47.686+05:30  INFO 10460 --- [Porter] [SpringApplicationShutdownHook] com.zaxxer.hikari.HikariDataSource       : HikariPool-1 - Shutdown completed.
2025-08-15T20:27:12.793+05:30  INFO 14416 --- [Porter] [restartedMain] com.example.Porter.PorterApplication     : Starting PorterApplication using Java 21.0.7 with PID 14416 (C:\Users\Santh\OneDrive\Desktop\Working project\Porter\target\classes started by Santh in C:\Users\Santh\OneDrive\Desktop\Working project\Porter)
2025-08-15T20:27:12.795+05:30 DEBUG 14416 --- [Porter] [restartedMain] com.example.Porter.PorterApplication     : Running with Spring Boot v3.5.3, Spring v6.2.8
2025-08-15T20:27:12.795+05:30  INFO 14416 --- [Porter] [restartedMain] com.example.Porter.PorterApplication     : No active profile set, falling back to 1 default profile: "default"
2025-08-15T20:27:12.837+05:30  INFO 14416 --- [Porter] [restartedMain] .e.DevToolsPropertyDefaultsPostProcessor : Devtools property defaults active! Set 'spring.devtools.add-properties' to 'false' to disable
2025-08-15T20:27:12.837+05:30  INFO 14416 --- [Porter] [restartedMain] .e.DevToolsPropertyDefaultsPostProcessor : For additional web related logging consider setting the 'logging.level.web' property to 'DEBUG'
2025-08-15T20:27:13.587+05:30  INFO 14416 --- [Porter] [restartedMain] .s.d.r.c.RepositoryConfigurationDelegate : Bootstrapping Spring Data JPA repositories in DEFAULT mode.
2025-08-15T20:27:13.668+05:30  INFO 14416 --- [Porter] [restartedMain] .s.d.r.c.RepositoryConfigurationDelegate : Finished Spring Data repository scanning in 73 ms. Found 10 JPA repository interfaces.
2025-08-15T20:27:14.326+05:30  INFO 14416 --- [Porter] [restartedMain] o.s.b.w.embedded.tomcat.TomcatWebServer  : Tomcat initialized with port 8080 (http)
2025-08-15T20:27:14.339+05:30  INFO 14416 --- [Porter] [restartedMain] o.apache.catalina.core.StandardService   : Starting service [Tomcat]
2025-08-15T20:27:14.339+05:30  INFO 14416 --- [Porter] [restartedMain] o.apache.catalina.core.StandardEngine    : Starting Servlet engine: [Apache Tomcat/10.1.42]
2025-08-15T20:27:14.390+05:30  INFO 14416 --- [Porter] [restartedMain] o.a.c.c.C.[Tomcat].[localhost].[/]       : Initializing Spring embedded WebApplicationContext
2025-08-15T20:27:14.391+05:30  INFO 14416 --- [Porter] [restartedMain] w.s.c.ServletWebServerApplicationContext : Root WebApplicationContext: initialization completed in 1553 ms
2025-08-15T20:27:14.452+05:30 DEBUG 14416 --- [Porter] [restartedMain] c.e.Porter.Security.JwtTokenFilter       : Filter 'jwtTokenFilter' configured for use
2025-08-15T20:27:14.452+05:30 DEBUG 14416 --- [Porter] [restartedMain] c.e.Porter.Security.JwtCookieFilter      : Filter 'jwtCookieFilter' configured for use
2025-08-15T20:27:14.453+05:30 DEBUG 14416 --- [Porter] [restartedMain] c.e.P.R.GlobalLoggingFilter              : Filter 'globalLoggingFilter' configured for use
2025-08-15T20:27:14.541+05:30  INFO 14416 --- [Porter] [restartedMain] com.zaxxer.hikari.HikariDataSource       : HikariPool-1 - Starting...
2025-08-15T20:27:14.846+05:30  INFO 14416 --- [Porter] [restartedMain] com.zaxxer.hikari.pool.HikariPool        : HikariPool-1 - Added connection com.mysql.cj.jdbc.ConnectionImpl@19b734f8
2025-08-15T20:27:14.848+05:30  INFO 14416 --- [Porter] [restartedMain] com.zaxxer.hikari.HikariDataSource       : HikariPool-1 - Start completed.
2025-08-15T20:27:14.884+05:30  INFO 14416 --- [Porter] [restartedMain] o.hibernate.jpa.internal.util.LogHelper  : HHH000204: Processing PersistenceUnitInfo [name: default]
2025-08-15T20:27:14.950+05:30  INFO 14416 --- [Porter] [restartedMain] org.hibernate.Version                    : HHH000412: Hibernate ORM core version 6.6.18.Final
2025-08-15T20:27:14.985+05:30  INFO 14416 --- [Porter] [restartedMain] o.h.c.internal.RegionFactoryInitiator    : HHH000026: Second-level cache disabled
2025-08-15T20:27:15.275+05:30  INFO 14416 --- [Porter] [restartedMain] o.s.o.j.p.SpringPersistenceUnitInfo      : No LoadTimeWeaver setup: ignoring JPA class transformer
2025-08-15T20:27:15.374+05:30  INFO 14416 --- [Porter] [restartedMain] org.hibernate.orm.connections.pooling    : HHH10001005: Database info:
	Database JDBC URL [Connecting through datasource 'HikariDataSource (HikariPool-1)']
	Database driver: undefined/unknown
	Database version: 8.0.39
	Autocommit mode: undefined/unknown
	Isolation level: undefined/unknown
	Minimum pool size: undefined/unknown
	Maximum pool size: undefined/unknown
2025-08-15T20:27:16.382+05:30  INFO 14416 --- [Porter] [restartedMain] o.h.e.t.j.p.i.JtaPlatformInitiator       : HHH000489: No JTA platform available (set 'hibernate.transaction.jta.platform' to enable JTA platform integration)
2025-08-15T20:27:16.479+05:30  INFO 14416 --- [Porter] [restartedMain] j.LocalContainerEntityManagerFactoryBean : Initialized JPA EntityManagerFactory for persistence unit 'default'
2025-08-15T20:27:16.971+05:30  WARN 14416 --- [Porter] [restartedMain] JpaBaseConfiguration$JpaWebConfiguration : spring.jpa.open-in-view is enabled by default. Therefore, database queries may be performed during view rendering. Explicitly configure spring.jpa.open-in-view to disable this warning
2025-08-15T20:27:17.586+05:30  INFO 14416 --- [Porter] [restartedMain] .w.s.a.s.AnnotationActionEndpointMapping : Supporting [WS-Addressing August 2004, WS-Addressing 1.0]
2025-08-15T20:27:17.627+05:30  INFO 14416 --- [Porter] [restartedMain] o.s.b.d.a.OptionalLiveReloadServer       : LiveReload server is running on port 35729
2025-08-15T20:27:17.674+05:30  INFO 14416 --- [Porter] [restartedMain] o.s.b.w.embedded.tomcat.TomcatWebServer  : Tomcat started on port 8080 (http) with context path '/'
2025-08-15T20:27:17.681+05:30  INFO 14416 --- [Porter] [restartedMain] com.example.Porter.PorterApplication     : Started PorterApplication in 5.295 seconds (process running for 6.115)
2025-08-15T20:28:22.350+05:30  INFO 14416 --- [Porter] [http-nio-8080-exec-1] o.a.c.c.C.[Tomcat].[localhost].[/]       : Initializing Spring DispatcherServlet 'dispatcherServlet'
2025-08-15T20:28:22.350+05:30  INFO 14416 --- [Porter] [http-nio-8080-exec-1] o.s.web.servlet.DispatcherServlet        : Initializing Servlet 'dispatcherServlet'
2025-08-15T20:28:22.350+05:30  INFO 14416 --- [Porter] [http-nio-8080-exec-1] o.s.web.servlet.DispatcherServlet        : Completed initialization in 0 ms
2025-08-15T20:28:22.461+05:30  INFO 14416 --- [Porter] [http-nio-8080-exec-1] c.e.P.R.GlobalLoggingFilter              : Incoming Request: [GET] /customer/sendOtp/2 
2025-08-15T20:28:22.642+05:30  WARN 14416 --- [Porter] [http-nio-8080-exec-1] .m.m.a.ExceptionHandlerExceptionResolver : Resolved [com.example.Porter.Exception.ResourceNotFoundException: class path resource [porter/emailTemplates/emailVerifyMail.html] cannot be opened because it does not exist]
2025-08-15T20:28:22.645+05:30  INFO 14416 --- [Porter] [http-nio-8080-exec-1] c.e.P.R.GlobalLoggingFilter              : response [GET] /customer/sendOtp/2 - Status: 404
2025-08-15T20:28:22.645+05:30  INFO 14416 --- [Porter] [http-nio-8080-exec-1] c.e.P.R.GlobalLoggingFilter              : Response Body: {"statusCode":404,"responseMessage":"class path resource [porter/emailTemplates/emailVerifyMail.html] cannot be opened because it does not exist","flag":3}
2025-08-15T20:29:26.110+05:30  INFO 14416 --- [Porter] [File Watcher] rtingClassPathChangeChangedEventListener : Restarting due to 1 class path change (0 additions, 0 deletions, 1 modification)
2025-08-15T20:29:26.114+05:30  INFO 14416 --- [Porter] [Thread-5] o.s.b.w.e.tomcat.GracefulShutdown        : Commencing graceful shutdown. Waiting for active requests to complete
2025-08-15T20:29:26.119+05:30  INFO 14416 --- [Porter] [tomcat-shutdown] o.s.b.w.e.tomcat.GracefulShutdown        : Graceful shutdown complete
2025-08-15T20:29:26.123+05:30  INFO 14416 --- [Porter] [Thread-5] j.LocalContainerEntityManagerFactoryBean : Closing JPA EntityManagerFactory for persistence unit 'default'
2025-08-15T20:29:26.127+05:30  INFO 14416 --- [Porter] [Thread-5] com.zaxxer.hikari.HikariDataSource       : HikariPool-1 - Shutdown initiated...
2025-08-15T20:29:26.132+05:30  INFO 14416 --- [Porter] [Thread-5] com.zaxxer.hikari.HikariDataSource       : HikariPool-1 - Shutdown completed.
2025-08-15T20:29:26.220+05:30  INFO 14416 --- [Porter] [restartedMain] com.example.Porter.PorterApplication     : Starting PorterApplication using Java 21.0.7 with PID 14416 (C:\Users\Santh\OneDrive\Desktop\Working project\Porter\target\classes started by Santh in C:\Users\Santh\OneDrive\Desktop\Working project\Porter)
2025-08-15T20:29:26.220+05:30 DEBUG 14416 --- [Porter] [restartedMain] com.example.Porter.PorterApplication     : Running with Spring Boot v3.5.3, Spring v6.2.8
2025-08-15T20:29:26.220+05:30  INFO 14416 --- [Porter] [restartedMain] com.example.Porter.PorterApplication     : No active profile set, falling back to 1 default profile: "default"
2025-08-15T20:29:26.469+05:30  INFO 14416 --- [Porter] [restartedMain] .s.d.r.c.RepositoryConfigurationDelegate : Bootstrapping Spring Data JPA repositories in DEFAULT mode.
2025-08-15T20:29:26.510+05:30  INFO 14416 --- [Porter] [restartedMain] .s.d.r.c.RepositoryConfigurationDelegate : Finished Spring Data repository scanning in 39 ms. Found 10 JPA repository interfaces.
2025-08-15T20:29:26.650+05:30  INFO 14416 --- [Porter] [restartedMain] o.s.b.w.embedded.tomcat.TomcatWebServer  : Tomcat initialized with port 8080 (http)
2025-08-15T20:29:26.652+05:30  INFO 14416 --- [Porter] [restartedMain] o.apache.catalina.core.StandardService   : Starting service [Tomcat]
2025-08-15T20:29:26.652+05:30  INFO 14416 --- [Porter] [restartedMain] o.apache.catalina.core.StandardEngine    : Starting Servlet engine: [Apache Tomcat/10.1.42]
2025-08-15T20:29:26.679+05:30  INFO 14416 --- [Porter] [restartedMain] o.a.c.c.C.[Tomcat].[localhost].[/]       : Initializing Spring embedded WebApplicationContext
2025-08-15T20:29:26.679+05:30  INFO 14416 --- [Porter] [restartedMain] w.s.c.ServletWebServerApplicationContext : Root WebApplicationContext: initialization completed in 457 ms
2025-08-15T20:29:26.693+05:30 DEBUG 14416 --- [Porter] [restartedMain] c.e.Porter.Security.JwtTokenFilter       : Filter 'jwtTokenFilter' configured for use
2025-08-15T20:29:26.693+05:30 DEBUG 14416 --- [Porter] [restartedMain] c.e.Porter.Security.JwtCookieFilter      : Filter 'jwtCookieFilter' configured for use
2025-08-15T20:29:26.694+05:30 DEBUG 14416 --- [Porter] [restartedMain] c.e.P.R.GlobalLoggingFilter              : Filter 'globalLoggingFilter' configured for use
2025-08-15T20:29:26.721+05:30  INFO 14416 --- [Porter] [restartedMain] com.zaxxer.hikari.HikariDataSource       : HikariPool-2 - Starting...
2025-08-15T20:29:26.741+05:30  INFO 14416 --- [Porter] [restartedMain] com.zaxxer.hikari.pool.HikariPool        : HikariPool-2 - Added connection com.mysql.cj.jdbc.ConnectionImpl@e625674
2025-08-15T20:29:26.742+05:30  INFO 14416 --- [Porter] [restartedMain] com.zaxxer.hikari.HikariDataSource       : HikariPool-2 - Start completed.
2025-08-15T20:29:26.744+05:30  INFO 14416 --- [Porter] [restartedMain] o.hibernate.jpa.internal.util.LogHelper  : HHH000204: Processing PersistenceUnitInfo [name: default]
2025-08-15T20:29:26.746+05:30  INFO 14416 --- [Porter] [restartedMain] o.h.c.internal.RegionFactoryInitiator    : HHH000026: Second-level cache disabled
2025-08-15T20:29:26.759+05:30  INFO 14416 --- [Porter] [restartedMain] o.s.o.j.p.SpringPersistenceUnitInfo      : No LoadTimeWeaver setup: ignoring JPA class transformer
2025-08-15T20:29:26.762+05:30  INFO 14416 --- [Porter] [restartedMain] org.hibernate.orm.connections.pooling    : HHH10001005: Database info:
	Database JDBC URL [Connecting through datasource 'HikariDataSource (HikariPool-2)']
	Database driver: undefined/unknown
	Database version: 8.0.39
	Autocommit mode: undefined/unknown
	Isolation level: undefined/unknown
	Minimum pool size: undefined/unknown
	Maximum pool size: undefined/unknown
2025-08-15T20:29:26.967+05:30  INFO 14416 --- [Porter] [restartedMain] o.h.e.t.j.p.i.JtaPlatformInitiator       : HHH000489: No JTA platform available (set 'hibernate.transaction.jta.platform' to enable JTA platform integration)
2025-08-15T20:29:27.016+05:30  INFO 14416 --- [Porter] [restartedMain] j.LocalContainerEntityManagerFactoryBean : Initialized JPA EntityManagerFactory for persistence unit 'default'
2025-08-15T20:29:27.185+05:30  WARN 14416 --- [Porter] [restartedMain] JpaBaseConfiguration$JpaWebConfiguration : spring.jpa.open-in-view is enabled by default. Therefore, database queries may be performed during view rendering. Explicitly configure spring.jpa.open-in-view to disable this warning
2025-08-15T20:29:27.371+05:30  INFO 14416 --- [Porter] [restartedMain] .w.s.a.s.AnnotationActionEndpointMapping : Supporting [WS-Addressing August 2004, WS-Addressing 1.0]
2025-08-15T20:29:27.380+05:30  INFO 14416 --- [Porter] [restartedMain] o.s.b.d.a.OptionalLiveReloadServer       : LiveReload server is running on port 35729
2025-08-15T20:29:27.394+05:30  INFO 14416 --- [Porter] [restartedMain] o.s.b.w.embedded.tomcat.TomcatWebServer  : Tomcat started on port 8080 (http) with context path '/'
2025-08-15T20:29:27.398+05:30  INFO 14416 --- [Porter] [restartedMain] com.example.Porter.PorterApplication     : Started PorterApplication in 1.209 seconds (process running for 135.831)
2025-08-15T20:29:27.400+05:30  INFO 14416 --- [Porter] [restartedMain] .ConditionEvaluationDeltaLoggingListener : Condition evaluation unchanged
2025-08-15T20:29:36.067+05:30  INFO 14416 --- [Porter] [File Watcher] rtingClassPathChangeChangedEventListener : Restarting due to 1 class path change (0 additions, 0 deletions, 1 modification)
2025-08-15T20:29:36.069+05:30  INFO 14416 --- [Porter] [Thread-7] o.s.b.w.e.tomcat.GracefulShutdown        : Commencing graceful shutdown. Waiting for active requests to complete
2025-08-15T20:29:36.074+05:30  INFO 14416 --- [Porter] [tomcat-shutdown] o.s.b.w.e.tomcat.GracefulShutdown        : Graceful shutdown complete
2025-08-15T20:29:36.076+05:30  INFO 14416 --- [Porter] [Thread-7] j.LocalContainerEntityManagerFactoryBean : Closing JPA EntityManagerFactory for persistence unit 'default'
2025-08-15T20:29:36.077+05:30  INFO 14416 --- [Porter] [Thread-7] com.zaxxer.hikari.HikariDataSource       : HikariPool-2 - Shutdown initiated...
2025-08-15T20:29:36.079+05:30  INFO 14416 --- [Porter] [Thread-7] com.zaxxer.hikari.HikariDataSource       : HikariPool-2 - Shutdown completed.
2025-08-15T20:29:36.151+05:30  INFO 14416 --- [Porter] [restartedMain] com.example.Porter.PorterApplication     : Starting PorterApplication using Java 21.0.7 with PID 14416 (C:\Users\Santh\OneDrive\Desktop\Working project\Porter\target\classes started by Santh in C:\Users\Santh\OneDrive\Desktop\Working project\Porter)
2025-08-15T20:29:36.153+05:30 DEBUG 14416 --- [Porter] [restartedMain] com.example.Porter.PorterApplication     : Running with Spring Boot v3.5.3, Spring v6.2.8
2025-08-15T20:29:36.153+05:30  INFO 14416 --- [Porter] [restartedMain] com.example.Porter.PorterApplication     : No active profile set, falling back to 1 default profile: "default"
2025-08-15T20:29:36.339+05:30  INFO 14416 --- [Porter] [restartedMain] .s.d.r.c.RepositoryConfigurationDelegate : Bootstrapping Spring Data JPA repositories in DEFAULT mode.
2025-08-15T20:29:36.374+05:30  INFO 14416 --- [Porter] [restartedMain] .s.d.r.c.RepositoryConfigurationDelegate : Finished Spring Data repository scanning in 34 ms. Found 10 JPA repository interfaces.
2025-08-15T20:29:36.482+05:30  INFO 14416 --- [Porter] [restartedMain] o.s.b.w.embedded.tomcat.TomcatWebServer  : Tomcat initialized with port 8080 (http)
2025-08-15T20:29:36.483+05:30  INFO 14416 --- [Porter] [restartedMain] o.apache.catalina.core.StandardService   : Starting service [Tomcat]
2025-08-15T20:29:36.483+05:30  INFO 14416 --- [Porter] [restartedMain] o.apache.catalina.core.StandardEngine    : Starting Servlet engine: [Apache Tomcat/10.1.42]
2025-08-15T20:29:36.518+05:30  INFO 14416 --- [Porter] [restartedMain] o.a.c.c.C.[Tomcat].[localhost].[/]       : Initializing Spring embedded WebApplicationContext
2025-08-15T20:29:36.518+05:30  INFO 14416 --- [Porter] [restartedMain] w.s.c.ServletWebServerApplicationContext : Root WebApplicationContext: initialization completed in 364 ms
2025-08-15T20:29:36.531+05:30 DEBUG 14416 --- [Porter] [restartedMain] c.e.Porter.Security.JwtTokenFilter       : Filter 'jwtTokenFilter' configured for use
2025-08-15T20:29:36.531+05:30 DEBUG 14416 --- [Porter] [restartedMain] c.e.Porter.Security.JwtCookieFilter      : Filter 'jwtCookieFilter' configured for use
2025-08-15T20:29:36.531+05:30 DEBUG 14416 --- [Porter] [restartedMain] c.e.P.R.GlobalLoggingFilter              : Filter 'globalLoggingFilter' configured for use
2025-08-15T20:29:36.555+05:30  INFO 14416 --- [Porter] [restartedMain] com.zaxxer.hikari.HikariDataSource       : HikariPool-3 - Starting...
2025-08-15T20:29:36.566+05:30  INFO 14416 --- [Porter] [restartedMain] com.zaxxer.hikari.pool.HikariPool        : HikariPool-3 - Added connection com.mysql.cj.jdbc.ConnectionImpl@517e7553
2025-08-15T20:29:36.566+05:30  INFO 14416 --- [Porter] [restartedMain] com.zaxxer.hikari.HikariDataSource       : HikariPool-3 - Start completed.
2025-08-15T20:29:36.568+05:30  INFO 14416 --- [Porter] [restartedMain] o.hibernate.jpa.internal.util.LogHelper  : HHH000204: Processing PersistenceUnitInfo [name: default]
2025-08-15T20:29:36.570+05:30  INFO 14416 --- [Porter] [restartedMain] o.h.c.internal.RegionFactoryInitiator    : HHH000026: Second-level cache disabled
2025-08-15T20:29:36.576+05:30  INFO 14416 --- [Porter] [restartedMain] o.s.o.j.p.SpringPersistenceUnitInfo      : No LoadTimeWeaver setup: ignoring JPA class transformer
2025-08-15T20:29:36.579+05:30  INFO 14416 --- [Porter] [restartedMain] org.hibernate.orm.connections.pooling    : HHH10001005: Database info:
	Database JDBC URL [Connecting through datasource 'HikariDataSource (HikariPool-3)']
	Database driver: undefined/unknown
	Database version: 8.0.39
	Autocommit mode: undefined/unknown
	Isolation level: undefined/unknown
	Minimum pool size: undefined/unknown
	Maximum pool size: undefined/unknown
2025-08-15T20:29:36.735+05:30  INFO 14416 --- [Porter] [restartedMain] o.h.e.t.j.p.i.JtaPlatformInitiator       : HHH000489: No JTA platform available (set 'hibernate.transaction.jta.platform' to enable JTA platform integration)
2025-08-15T20:29:36.794+05:30  INFO 14416 --- [Porter] [restartedMain] j.LocalContainerEntityManagerFactoryBean : Initialized JPA EntityManagerFactory for persistence unit 'default'
2025-08-15T20:29:36.952+05:30  WARN 14416 --- [Porter] [restartedMain] JpaBaseConfiguration$JpaWebConfiguration : spring.jpa.open-in-view is enabled by default. Therefore, database queries may be performed during view rendering. Explicitly configure spring.jpa.open-in-view to disable this warning
2025-08-15T20:29:37.096+05:30  INFO 14416 --- [Porter] [restartedMain] .w.s.a.s.AnnotationActionEndpointMapping : Supporting [WS-Addressing August 2004, WS-Addressing 1.0]
2025-08-15T20:29:37.101+05:30  INFO 14416 --- [Porter] [restartedMain] o.s.b.d.a.OptionalLiveReloadServer       : LiveReload server is running on port 35729
2025-08-15T20:29:37.115+05:30  INFO 14416 --- [Porter] [restartedMain] o.s.b.w.embedded.tomcat.TomcatWebServer  : Tomcat started on port 8080 (http) with context path '/'
2025-08-15T20:29:37.117+05:30  INFO 14416 --- [Porter] [restartedMain] com.example.Porter.PorterApplication     : Started PorterApplication in 0.988 seconds (process running for 145.551)
2025-08-15T20:29:37.118+05:30  INFO 14416 --- [Porter] [restartedMain] .ConditionEvaluationDeltaLoggingListener : Condition evaluation unchanged
2025-08-15T20:29:45.959+05:30  INFO 14416 --- [Porter] [http-nio-8080-exec-2] o.a.c.c.C.[Tomcat].[localhost].[/]       : Initializing Spring DispatcherServlet 'dispatcherServlet'
2025-08-15T20:29:45.959+05:30  INFO 14416 --- [Porter] [http-nio-8080-exec-2] o.s.web.servlet.DispatcherServlet        : Initializing Servlet 'dispatcherServlet'
2025-08-15T20:29:45.960+05:30  INFO 14416 --- [Porter] [http-nio-8080-exec-2] o.s.web.servlet.DispatcherServlet        : Completed initialization in 1 ms
2025-08-15T20:29:45.966+05:30  INFO 14416 --- [Porter] [http-nio-8080-exec-2] c.e.P.R.GlobalLoggingFilter              : Incoming Request: [GET] /customer/sendOtp/2 
2025-08-15T20:29:51.444+05:30  INFO 14416 --- [Porter] [http-nio-8080-exec-2] c.e.P.R.GlobalLoggingFilter              : response [GET] /customer/sendOtp/2 - Status: 200
2025-08-15T20:29:51.445+05:30  INFO 14416 --- [Porter] [http-nio-8080-exec-2] c.e.P.R.GlobalLoggingFilter              : Response Body: {"statusCode":200,"responseMessage":"OTP has been sent successfully","flag":1}
2025-08-15T22:24:12.325+05:30  INFO 14416 --- [Porter] [RMI TCP Connection(121)-127.0.0.1] inMXBeanRegistrar$SpringApplicationAdmin : Application shutdown requested.
2025-08-15T22:24:12.387+05:30  INFO 14416 --- [Porter] [RMI TCP Connection(121)-127.0.0.1] o.s.b.w.e.tomcat.GracefulShutdown        : Commencing graceful shutdown. Waiting for active requests to complete
2025-08-15T22:24:12.406+05:30  INFO 14416 --- [Porter] [tomcat-shutdown] o.s.b.w.e.tomcat.GracefulShutdown        : Graceful shutdown complete
2025-08-15T22:24:12.425+05:30  INFO 14416 --- [Porter] [RMI TCP Connection(121)-127.0.0.1] j.LocalContainerEntityManagerFactoryBean : Closing JPA EntityManagerFactory for persistence unit 'default'
2025-08-15T22:24:12.448+05:30  INFO 14416 --- [Porter] [RMI TCP Connection(121)-127.0.0.1] com.zaxxer.hikari.HikariDataSource       : HikariPool-3 - Shutdown initiated...
2025-08-15T22:24:12.455+05:30  INFO 14416 --- [Porter] [RMI TCP Connection(121)-127.0.0.1] com.zaxxer.hikari.HikariDataSource       : HikariPool-3 - Shutdown completed.
